Loading libraries, please wait...
[02:57:24 INFO]: Starting minecraft server version 1.8.8
[02:57:24 INFO]: Loading properties
[02:57:24 INFO]: Default game type: SURVIVAL
[02:57:25 INFO]: This server is running CraftBukkit version git-Spigot-fdc1440-53fac9f (MC: 1.8.8) (Implementing API version 1.8.8-R0.1-SNAPSHOT)
[02:57:25 INFO]: Server Ping Player Sample Count: 12
[02:57:25 INFO]: Using 4 threads for Netty based IO
[02:57:25 INFO]: Debug logging is disabled
[02:57:25 INFO]: Generating keypair
[02:57:25 INFO]: Starting Minecraft server on *:25565
[02:57:25 INFO]: Using epoll channel type
[02:57:25 INFO]: Set PluginClassLoader as parallel capable
[02:57:25 INFO]: [NoSpawnChunks] Loading NoSpawnChunks v2.0 (Build 142)
[02:57:25 INFO]: **** Beginning UUID conversion, this may take A LONG time ****
[02:57:26 INFO]: Preparing level "J"
[02:57:26 INFO]: -------- World Settings For [J] --------
[02:57:26 INFO]: Cactus Growth Modifier: 100%
[02:57:26 INFO]: Cane Growth Modifier: 100%
[02:57:26 INFO]: Melon Growth Modifier: 100%
[02:57:26 INFO]: Mushroom Growth Modifier: 100%
[02:57:26 INFO]: Pumpkin Growth Modifier: 100%
[02:57:26 INFO]: Sapling Growth Modifier: 100%
[02:57:26 INFO]: Wheat Growth Modifier: 100%
[02:57:26 INFO]: NetherWart Growth Modifier: 100%
[02:57:26 INFO]: Entity Activation Range: An 32 / Mo 32 / Mi 16
[02:57:26 INFO]: Entity Tracking Range: Pl 48 / An 48 / Mo 48 / Mi 32 / Other 64
[02:57:26 INFO]: Hopper Transfer: 8 Hopper Check: 8 Hopper Amount: 1
[02:57:26 INFO]: Mob Spawn Range: 4
[02:57:26 INFO]: Anti X-Ray: false
[02:57:26 INFO]: 	Engine Mode: 1
[02:57:26 INFO]: 	Hidden Blocks: [14, 15, 16, 21, 48, 49, 54, 56, 73, 74, 82, 129, 130]
[02:57:26 INFO]: 	Replace Blocks: [1, 5]
[02:57:26 INFO]: Nerfing mobs spawned from spawners: false
[02:57:26 INFO]: Random Lighting Updates: false
[02:57:26 INFO]: Structure Info Saving: true
[02:57:26 INFO]: Sending up to 10 chunks per packet
[02:57:26 INFO]: Max Entity Collisions: 8
[02:57:26 INFO]: Custom Map Seeds:  Village: 10387312 Feature: 14357617
[02:57:26 INFO]: Max TNT Explosions: 100
[02:57:26 INFO]: Tile Max Tick Time: 50ms Entity max Tick Time: 50ms
[02:57:26 INFO]: Item Despawn Rate: 6000
[02:57:26 INFO]: Item Merge Radius: 2.5
[02:57:26 INFO]: Arrow Despawn Rate: 1200
[02:57:26 INFO]: Experience Merge Radius: 3.0
[02:57:26 INFO]: Chunks to Grow per Tick: 450
[02:57:26 INFO]: Clear tick list: false
[02:57:26 INFO]: View Distance: 4
[02:57:26 INFO]: Allow Zombie Pigmen to spawn from portal blocks: true
[02:57:26 INFO]: Zombie Aggressive Towards Villager: true
[02:57:27 INFO]: -------- World Settings For [J_nether] --------
[02:57:27 INFO]: Cactus Growth Modifier: 100%
[02:57:27 INFO]: Cane Growth Modifier: 100%
[02:57:27 INFO]: Melon Growth Modifier: 100%
[02:57:27 INFO]: Mushroom Growth Modifier: 100%
[02:57:27 INFO]: Pumpkin Growth Modifier: 100%
[02:57:27 INFO]: Sapling Growth Modifier: 100%
[02:57:27 INFO]: Wheat Growth Modifier: 100%
[02:57:27 INFO]: NetherWart Growth Modifier: 100%
[02:57:27 INFO]: Entity Activation Range: An 32 / Mo 32 / Mi 16
[02:57:27 INFO]: Entity Tracking Range: Pl 48 / An 48 / Mo 48 / Mi 32 / Other 64
[02:57:27 INFO]: Hopper Transfer: 8 Hopper Check: 8 Hopper Amount: 1
[02:57:27 INFO]: Mob Spawn Range: 4
[02:57:27 INFO]: Anti X-Ray: false
[02:57:27 INFO]: 	Engine Mode: 1
[02:57:27 INFO]: 	Hidden Blocks: [14, 15, 16, 21, 48, 49, 54, 56, 73, 74, 82, 129, 130]
[02:57:27 INFO]: 	Replace Blocks: [1, 5]
[02:57:27 INFO]: Nerfing mobs spawned from spawners: false
[02:57:27 INFO]: Random Lighting Updates: false
[02:57:27 INFO]: Structure Info Saving: true
[02:57:27 INFO]: Sending up to 10 chunks per packet
[02:57:27 INFO]: Max Entity Collisions: 8
[02:57:27 INFO]: Custom Map Seeds:  Village: 10387312 Feature: 14357617
[02:57:27 INFO]: Max TNT Explosions: 100
[02:57:27 INFO]: Tile Max Tick Time: 50ms Entity max Tick Time: 50ms
[02:57:27 INFO]: Item Despawn Rate: 6000
[02:57:27 INFO]: Item Merge Radius: 2.5
[02:57:27 INFO]: Arrow Despawn Rate: 1200
[02:57:27 INFO]: Experience Merge Radius: 3.0
[02:57:27 INFO]: Chunks to Grow per Tick: 450
[02:57:27 INFO]: Clear tick list: false
[02:57:27 INFO]: View Distance: 4
[02:57:27 INFO]: Allow Zombie Pigmen to spawn from portal blocks: true
[02:57:27 INFO]: Zombie Aggressive Towards Villager: true
[02:57:27 INFO]: -------- World Settings For [J_the_end] --------
[02:57:27 INFO]: Cactus Growth Modifier: 100%
[02:57:27 INFO]: Cane Growth Modifier: 100%
[02:57:27 INFO]: Melon Growth Modifier: 100%
[02:57:27 INFO]: Mushroom Growth Modifier: 100%
[02:57:27 INFO]: Pumpkin Growth Modifier: 100%
[02:57:27 INFO]: Sapling Growth Modifier: 100%
[02:57:27 INFO]: Wheat Growth Modifier: 100%
[02:57:27 INFO]: NetherWart Growth Modifier: 100%
[02:57:27 INFO]: Entity Activation Range: An 32 / Mo 32 / Mi 16
[02:57:27 INFO]: Entity Tracking Range: Pl 48 / An 48 / Mo 48 / Mi 32 / Other 64
[02:57:27 INFO]: Hopper Transfer: 8 Hopper Check: 8 Hopper Amount: 1
[02:57:27 INFO]: Mob Spawn Range: 4
[02:57:27 INFO]: Anti X-Ray: false
[02:57:27 INFO]: 	Engine Mode: 1
[02:57:27 INFO]: 	Hidden Blocks: [14, 15, 16, 21, 48, 49, 54, 56, 73, 74, 82, 129, 130]
[02:57:27 INFO]: 	Replace Blocks: [1, 5]
[02:57:27 INFO]: Nerfing mobs spawned from spawners: false
[02:57:27 INFO]: Random Lighting Updates: false
[02:57:27 INFO]: Structure Info Saving: true
[02:57:27 INFO]: Sending up to 10 chunks per packet
[02:57:27 INFO]: Max Entity Collisions: 8
[02:57:27 INFO]: Custom Map Seeds:  Village: 10387312 Feature: 14357617
[02:57:27 INFO]: Max TNT Explosions: 100
[02:57:27 INFO]: Tile Max Tick Time: 50ms Entity max Tick Time: 50ms
[02:57:27 INFO]: Item Despawn Rate: 6000
[02:57:27 INFO]: Item Merge Radius: 2.5
[02:57:27 INFO]: Arrow Despawn Rate: 1200
[02:57:27 INFO]: Experience Merge Radius: 3.0
[02:57:27 INFO]: Chunks to Grow per Tick: 450
[02:57:27 INFO]: Clear tick list: false
[02:57:27 INFO]: View Distance: 4
[02:57:27 INFO]: Allow Zombie Pigmen to spawn from portal blocks: true
[02:57:27 INFO]: Zombie Aggressive Towards Villager: true
[02:57:27 INFO]: Preparing start region for level 0 (Seed: 7936026946858735291)
[02:57:28 INFO]: Preparing spawn area: 6%
[02:57:29 INFO]: Preparing spawn area: 21%
[02:57:31 INFO]: Preparing spawn area: 22%
[02:57:32 INFO]: Preparing spawn area: 37%
[02:57:33 INFO]: Preparing spawn area: 46%
[02:57:34 INFO]: Preparing spawn area: 68%
[02:57:35 INFO]: Preparing start region for level 1 (Seed: 7936026946858735291)
[02:57:36 INFO]: Preparing spawn area: 28%
[02:57:37 INFO]: Preparing spawn area: 57%
[02:57:38 INFO]: Preparing start region for level 2 (Seed: 7936026946858735291)
[02:57:39 INFO]: Preparing spawn area: 30%
[02:57:40 INFO]: Preparing spawn area: 40%
[02:57:41 INFO]: Preparing spawn area: 90%
[02:57:41 INFO]: [NoSpawnChunks] Enabling NoSpawnChunks v2.0 (Build 142)
[02:57:41 INFO]: [NoSpawnChunks] NoSpawnChunks v2.0 (Build 142) has been enabled. Took 29 ms.
[02:57:41 INFO]: Server permissions file permissions.yml is empty, ignoring it
[02:57:41 INFO]: Done (15.673s)! For help, type "help" or "?"
[02:57:44 INFO]: [NoSpawnChunks] Unloading chunks...
[02:57:49 INFO]: [NoSpawnChunks] Unloaded 1,875 chunks. Took 4,460 ms.
[02:57:49 INFO]: [NoSpawnChunks] Freed 114 mb!
[03:13:02 INFO]: [NoSpawnChunks] Unloading chunks...
[03:13:02 INFO]: [NoSpawnChunks] Unloaded 0 chunks. Took 0 ms.
[03:13:03 INFO]: [NoSpawnChunks] Freed 165 mb!
[03:28:12 INFO]: [NoSpawnChunks] Unloading chunks...
[03:28:12 INFO]: [NoSpawnChunks] Unloaded 0 chunks. Took 37 ms.
[03:43:15 INFO]: [NoSpawnChunks] Unloading chunks...
[03:43:15 INFO]: [NoSpawnChunks] Unloaded 0 chunks. Took 2 ms.
[03:58:18 INFO]: [NoSpawnChunks] Unloading chunks...
[03:58:18 INFO]: [NoSpawnChunks] Unloaded 0 chunks. Took 35 ms.
[04:13:20 INFO]: [NoSpawnChunks] Unloading chunks...
[04:13:20 INFO]: [NoSpawnChunks] Unloaded 0 chunks. Took 3 ms.
[04:13:20 INFO]: [NoSpawnChunks] Freed 8 mb!
[04:28:22 INFO]: [NoSpawnChunks] Unloading chunks...
[04:28:23 INFO]: [NoSpawnChunks] Unloaded 0 chunks. Took 8 ms.
[04:28:24 INFO]: [NoSpawnChunks] Freed 8 mb!
[04:43:24 INFO]: [NoSpawnChunks] Unloading chunks...
[04:43:24 INFO]: [NoSpawnChunks] Unloaded 0 chunks. Took 2 ms.
[04:43:25 INFO]: [NoSpawnChunks] Freed 8 mb!
[04:58:31 INFO]: [NoSpawnChunks] Unloading chunks...
[04:58:31 INFO]: [NoSpawnChunks] Unloaded 0 chunks. Took 3 ms.
[04:58:31 INFO]: [NoSpawnChunks] Freed 8 mb!
[05:13:32 INFO]: [NoSpawnChunks] Unloading chunks...
[05:13:32 INFO]: [NoSpawnChunks] Unloaded 0 chunks. Took 3 ms.
[05:13:33 INFO]: [NoSpawnChunks] Freed 8 mb!
[05:28:38 INFO]: [NoSpawnChunks] Unloading chunks...
[05:28:38 INFO]: [NoSpawnChunks] Unloaded 0 chunks. Took 1 ms.
[05:28:38 INFO]: [NoSpawnChunks] Freed 8 mb!
[05:43:40 INFO]: [NoSpawnChunks] Unloading chunks...
[05:43:40 INFO]: [NoSpawnChunks] Unloaded 0 chunks. Took 1 ms.
[05:43:40 INFO]: [NoSpawnChunks] Freed 8 mb!
[05:58:41 INFO]: [NoSpawnChunks] Unloading chunks...
[05:58:41 INFO]: [NoSpawnChunks] Unloaded 0 chunks. Took 1 ms.
[05:58:42 INFO]: [NoSpawnChunks] Freed 8 mb!
[06:13:43 INFO]: [NoSpawnChunks] Unloading chunks...
[06:13:43 INFO]: [NoSpawnChunks] Unloaded 0 chunks. Took 0 ms.
[06:13:43 INFO]: [NoSpawnChunks] Freed 8 mb!
[06:28:46 INFO]: [NoSpawnChunks] Unloading chunks...
[06:28:46 INFO]: [NoSpawnChunks] Unloaded 0 chunks. Took 0 ms.
[06:28:46 INFO]: [NoSpawnChunks] Freed 8 mb!
[06:43:50 INFO]: [NoSpawnChunks] Unloading chunks...
[06:43:50 INFO]: [NoSpawnChunks] Unloaded 0 chunks. Took 3 ms.
[06:43:50 INFO]: [NoSpawnChunks] Freed 8 mb!
[06:58:53 INFO]: [NoSpawnChunks] Unloading chunks...
[06:58:53 INFO]: [NoSpawnChunks] Unloaded 0 chunks. Took 0 ms.
[06:58:53 INFO]: [NoSpawnChunks] Freed 8 mb!
[07:13:55 INFO]: [NoSpawnChunks] Unloading chunks...
[07:13:55 INFO]: [NoSpawnChunks] Unloaded 0 chunks. Took 2 ms.
[07:13:56 INFO]: [NoSpawnChunks] Freed 8 mb!
[07:28:57 INFO]: [NoSpawnChunks] Unloading chunks...
[07:28:57 INFO]: [NoSpawnChunks] Unloaded 0 chunks. Took 2 ms.
[07:28:58 INFO]: [NoSpawnChunks] Freed 8 mb!
[07:44:00 INFO]: [NoSpawnChunks] Unloading chunks...
[07:44:00 INFO]: [NoSpawnChunks] Unloaded 0 chunks. Took 11 ms.
[07:44:00 INFO]: [NoSpawnChunks] Freed 8 mb!
[07:59:03 INFO]: [NoSpawnChunks] Unloading chunks...
[07:59:03 INFO]: [NoSpawnChunks] Unloaded 0 chunks. Took 3 ms.
[07:59:03 INFO]: [NoSpawnChunks] Freed 10 mb!
[08:14:06 INFO]: [NoSpawnChunks] Unloading chunks...
[08:14:06 INFO]: [NoSpawnChunks] Unloaded 0 chunks. Took 2 ms.
[08:14:06 INFO]: [NoSpawnChunks] Freed 9 mb!
[08:29:11 INFO]: [NoSpawnChunks] Unloading chunks...
[08:29:11 INFO]: [NoSpawnChunks] Unloaded 0 chunks. Took 1 ms.
[08:29:11 INFO]: [NoSpawnChunks] Freed 8 mb!
[08:44:13 INFO]: [NoSpawnChunks] Unloading chunks...
[08:44:13 INFO]: [NoSpawnChunks] Unloaded 0 chunks. Took 2 ms.
[08:44:14 INFO]: [NoSpawnChunks] Freed 8 mb!
[08:59:17 INFO]: [NoSpawnChunks] Unloading chunks...
[08:59:17 INFO]: [NoSpawnChunks] Unloaded 0 chunks. Took 2 ms.
[08:59:17 INFO]: [NoSpawnChunks] Freed 8 mb!
[09:14:19 INFO]: [NoSpawnChunks] Unloading chunks...
[09:14:19 INFO]: [NoSpawnChunks] Unloaded 0 chunks. Took 1 ms.
[09:14:19 INFO]: [NoSpawnChunks] Freed 8 mb!
[09:29:22 INFO]: [NoSpawnChunks] Unloading chunks...
[09:29:22 INFO]: [NoSpawnChunks] Unloaded 0 chunks. Took 1 ms.
[09:29:22 INFO]: [NoSpawnChunks] Freed 8 mb!
[09:44:24 INFO]: [NoSpawnChunks] Unloading chunks...
[09:44:24 INFO]: [NoSpawnChunks] Unloaded 0 chunks. Took 7 ms.
[09:44:24 INFO]: [NoSpawnChunks] Freed 8 mb!
[09:59:26 INFO]: [NoSpawnChunks] Unloading chunks...
[09:59:26 INFO]: [NoSpawnChunks] Unloaded 0 chunks. Took 2 ms.
[09:59:26 INFO]: [NoSpawnChunks] Freed 8 mb!
[10:14:29 INFO]: [NoSpawnChunks] Unloading chunks...
[10:14:29 INFO]: [NoSpawnChunks] Unloaded 0 chunks. Took 2 ms.
[10:14:29 INFO]: [NoSpawnChunks] Freed 8 mb!
[10:23:17 INFO]: Stopping server
Loading libraries, please wait...
[10:24:07 INFO]: Starting minecraft server version 1.8.8
[10:24:07 INFO]: Loading properties
[10:24:07 INFO]: Default game type: SURVIVAL
[10:24:14 INFO]: This server is running CraftBukkit version git-Spigot-fdc1440-53fac9f (MC: 1.8.8) (Implementing API version 1.8.8-R0.1-SNAPSHOT)
[10:24:14 INFO]: Server Ping Player Sample Count: 12
[10:24:14 INFO]: Using 4 threads for Netty based IO
[10:24:14 INFO]: Debug logging is disabled
[10:24:14 INFO]: Generating keypair
[10:24:15 INFO]: Starting Minecraft server on *:25565
[10:24:15 INFO]: Using epoll channel type
[10:24:15 INFO]: Set PluginClassLoader as parallel capable
[10:24:15 INFO]: [NoSpawnChunks] Loading NoSpawnChunks v2.0 (Build 142)
[10:24:15 INFO]: **** Beginning UUID conversion, this may take A LONG time ****
[10:24:15 INFO]: Preparing level "J"
[10:24:15 INFO]: -------- World Settings For [J] --------
[10:24:15 INFO]: Anti X-Ray: false
[10:24:15 INFO]: 	Engine Mode: 1
[10:24:15 INFO]: 	Hidden Blocks: [14, 15, 16, 21, 48, 49, 54, 56, 73, 74, 82, 129, 130]
[10:24:15 INFO]: 	Replace Blocks: [1, 5]
[10:24:15 INFO]: Nerfing mobs spawned from spawners: false
[10:24:15 INFO]: Cactus Growth Modifier: 100%
[10:24:15 INFO]: Cane Growth Modifier: 100%
[10:24:15 INFO]: Melon Growth Modifier: 100%
[10:24:15 INFO]: Mushroom Growth Modifier: 100%
[10:24:15 INFO]: Pumpkin Growth Modifier: 100%
[10:24:15 INFO]: Sapling Growth Modifier: 100%
[10:24:15 INFO]: Wheat Growth Modifier: 100%
[10:24:15 INFO]: NetherWart Growth Modifier: 100%
[10:24:15 INFO]: Entity Activation Range: An 32 / Mo 32 / Mi 16
[10:24:15 INFO]: Entity Tracking Range: Pl 48 / An 48 / Mo 48 / Mi 32 / Other 64
[10:24:15 INFO]: Hopper Transfer: 8 Hopper Check: 8 Hopper Amount: 1
[10:24:15 INFO]: Random Lighting Updates: false
[10:24:15 INFO]: Structure Info Saving: true
[10:24:15 INFO]: Sending up to 10 chunks per packet
[10:24:15 INFO]: Max Entity Collisions: 8
[10:24:15 INFO]: Mob Spawn Range: 4
[10:24:15 INFO]: Custom Map Seeds:  Village: 10387312 Feature: 14357617
[10:24:15 INFO]: Max TNT Explosions: 100
[10:24:15 INFO]: Tile Max Tick Time: 50ms Entity max Tick Time: 50ms
[10:24:15 INFO]: Item Despawn Rate: 6000
[10:24:15 INFO]: Item Merge Radius: 2.5
[10:24:15 INFO]: Arrow Despawn Rate: 1200
[10:24:15 INFO]: Allow Zombie Pigmen to spawn from portal blocks: true
[10:24:15 INFO]: View Distance: 4
[10:24:15 INFO]: Zombie Aggressive Towards Villager: true
[10:24:15 INFO]: Chunks to Grow per Tick: 450
[10:24:15 INFO]: Clear tick list: false
[10:24:15 INFO]: Experience Merge Radius: 3.0
[10:24:17 INFO]: -------- World Settings For [J_nether] --------
[10:24:17 INFO]: Anti X-Ray: false
[10:24:17 INFO]: 	Engine Mode: 1
[10:24:17 INFO]: 	Hidden Blocks: [14, 15, 16, 21, 48, 49, 54, 56, 73, 74, 82, 129, 130]
[10:24:17 INFO]: 	Replace Blocks: [1, 5]
[10:24:17 INFO]: Nerfing mobs spawned from spawners: false
[10:24:17 INFO]: Cactus Growth Modifier: 100%
[10:24:17 INFO]: Cane Growth Modifier: 100%
[10:24:17 INFO]: Melon Growth Modifier: 100%
[10:24:17 INFO]: Mushroom Growth Modifier: 100%
[10:24:17 INFO]: Pumpkin Growth Modifier: 100%
[10:24:17 INFO]: Sapling Growth Modifier: 100%
[10:24:17 INFO]: Wheat Growth Modifier: 100%
[10:24:17 INFO]: NetherWart Growth Modifier: 100%
[10:24:17 INFO]: Entity Activation Range: An 32 / Mo 32 / Mi 16
[10:24:17 INFO]: Entity Tracking Range: Pl 48 / An 48 / Mo 48 / Mi 32 / Other 64
[10:24:17 INFO]: Hopper Transfer: 8 Hopper Check: 8 Hopper Amount: 1
[10:24:17 INFO]: Random Lighting Updates: false
[10:24:17 INFO]: Structure Info Saving: true
[10:24:17 INFO]: Sending up to 10 chunks per packet
[10:24:17 INFO]: Max Entity Collisions: 8
[10:24:17 INFO]: Mob Spawn Range: 4
[10:24:17 INFO]: Custom Map Seeds:  Village: 10387312 Feature: 14357617
[10:24:17 INFO]: Max TNT Explosions: 100
[10:24:17 INFO]: Tile Max Tick Time: 50ms Entity max Tick Time: 50ms
[10:24:17 INFO]: Item Despawn Rate: 6000
[10:24:17 INFO]: Item Merge Radius: 2.5
[10:24:17 INFO]: Arrow Despawn Rate: 1200
[10:24:17 INFO]: Allow Zombie Pigmen to spawn from portal blocks: true
[10:24:17 INFO]: View Distance: 4
[10:24:17 INFO]: Zombie Aggressive Towards Villager: true
[10:24:17 INFO]: Chunks to Grow per Tick: 450
[10:24:17 INFO]: Clear tick list: false
[10:24:17 INFO]: Experience Merge Radius: 3.0
[10:24:17 INFO]: -------- World Settings For [J_the_end] --------
[10:24:17 INFO]: Anti X-Ray: false
[10:24:17 INFO]: 	Engine Mode: 1
[10:24:17 INFO]: 	Hidden Blocks: [14, 15, 16, 21, 48, 49, 54, 56, 73, 74, 82, 129, 130]
[10:24:17 INFO]: 	Replace Blocks: [1, 5]
[10:24:17 INFO]: Nerfing mobs spawned from spawners: false
[10:24:17 INFO]: Cactus Growth Modifier: 100%
[10:24:17 INFO]: Cane Growth Modifier: 100%
[10:24:17 INFO]: Melon Growth Modifier: 100%
[10:24:17 INFO]: Mushroom Growth Modifier: 100%
[10:24:17 INFO]: Pumpkin Growth Modifier: 100%
[10:24:17 INFO]: Sapling Growth Modifier: 100%
[10:24:17 INFO]: Wheat Growth Modifier: 100%
[10:24:17 INFO]: NetherWart Growth Modifier: 100%
[10:24:17 INFO]: Entity Activation Range: An 32 / Mo 32 / Mi 16
[10:24:17 INFO]: Entity Tracking Range: Pl 48 / An 48 / Mo 48 / Mi 32 / Other 64
[10:24:17 INFO]: Hopper Transfer: 8 Hopper Check: 8 Hopper Amount: 1
[10:24:17 INFO]: Random Lighting Updates: false
[10:24:17 INFO]: Structure Info Saving: true
[10:24:17 INFO]: Sending up to 10 chunks per packet
[10:24:17 INFO]: Max Entity Collisions: 8
[10:24:17 INFO]: Mob Spawn Range: 4
[10:24:17 INFO]: Custom Map Seeds:  Village: 10387312 Feature: 14357617
[10:24:17 INFO]: Max TNT Explosions: 100
[10:24:17 INFO]: Tile Max Tick Time: 50ms Entity max Tick Time: 50ms
[10:24:17 INFO]: Item Despawn Rate: 6000
[10:24:17 INFO]: Item Merge Radius: 2.5
[10:24:17 INFO]: Arrow Despawn Rate: 1200
[10:24:17 INFO]: Allow Zombie Pigmen to spawn from portal blocks: true
[10:24:17 INFO]: View Distance: 4
[10:24:17 INFO]: Zombie Aggressive Towards Villager: true
[10:24:17 INFO]: Chunks to Grow per Tick: 450
[10:24:17 INFO]: Clear tick list: false
[10:24:17 INFO]: Experience Merge Radius: 3.0
[10:24:17 INFO]: Preparing start region for level 0 (Seed: 7936026946858735291)
[10:24:19 INFO]: Preparing spawn area: 0%
[10:24:20 INFO]: Preparing spawn area: 1%
[10:24:21 INFO]: Preparing spawn area: 6%
[10:24:22 INFO]: Preparing spawn area: 14%
[10:24:25 INFO]: Preparing spawn area: 14%
[10:24:27 INFO]: Preparing spawn area: 14%
[10:24:28 INFO]: Preparing spawn area: 14%
[10:24:29 INFO]: Preparing spawn area: 19%
[10:24:30 INFO]: Preparing spawn area: 22%
[10:24:31 INFO]: Preparing spawn area: 42%
[10:24:33 INFO]: Preparing spawn area: 58%
[10:24:34 INFO]: Preparing spawn area: 77%
[10:24:35 INFO]: Preparing spawn area: 86%
[10:24:37 INFO]: Preparing spawn area: 94%
[10:24:37 INFO]: Preparing start region for level 1 (Seed: 7936026946858735291)
[10:24:40 INFO]: Preparing spawn area: 14%
[10:24:41 INFO]: Preparing spawn area: 40%
[10:24:46 INFO]: Preparing spawn area: 58%
[10:24:59 INFO]: Preparing spawn area: 80%
[10:24:59 INFO]: Preparing start region for level 2 (Seed: 7936026946858735291)
[10:25:04 INFO]: Preparing spawn area: 11%
[10:25:04 INFO]: [NoSpawnChunks] Enabling NoSpawnChunks v2.0 (Build 142)
[10:25:04 INFO]: [NoSpawnChunks] NoSpawnChunks v2.0 (Build 142) has been enabled. Took 21 ms.
[10:25:04 INFO]: Server permissions file permissions.yml is empty, ignoring it
[10:25:04 INFO]: Done (49.709s)! For help, type "help" or "?"
[10:25:17 INFO]: [NoSpawnChunks] Unloading chunks...
[10:25:26 INFO]: [NoSpawnChunks] Unloaded 1,250 chunks. Took 8,576 ms.
[10:25:26 INFO]: [NoSpawnChunks] Freed 143 mb!
[10:29:53 INFO]: UUID of player snickk is 141a01db-1d8e-4389-a298-d815a28ac8fc
[10:29:53 INFO]: snickk[/198.48.196.61:22493] logged in with entity id 729 at ([J]-223.60359082456296, 78.0, 305.44335058989947)
[10:33:28 INFO]: snickk lost connection: Disconnected
[10:33:28 INFO]: snickk left the game.
[10:40:42 INFO]: [NoSpawnChunks] Unloading chunks...
[10:40:42 INFO]: [NoSpawnChunks] Unloaded 81 chunks. Took 56 ms.
[10:40:42 INFO]: [NoSpawnChunks] Freed 146 mb!
[10:55:45 INFO]: [NoSpawnChunks] Unloading chunks...
[10:55:45 INFO]: [NoSpawnChunks] Unloaded 0 chunks. Took 9 ms.
[10:55:46 INFO]: [NoSpawnChunks] Freed 17 mb!
[11:11:22 INFO]: [NoSpawnChunks] Unloading chunks...
[11:11:22 INFO]: [NoSpawnChunks] Unloaded 0 chunks. Took 58 ms.
[11:26:47 INFO]: [NoSpawnChunks] Unloading chunks...
[11:26:47 INFO]: [NoSpawnChunks] Unloaded 0 chunks. Took 38 ms.
[11:41:51 INFO]: [NoSpawnChunks] Unloading chunks...
[11:41:51 INFO]: [NoSpawnChunks] Unloaded 0 chunks. Took 1 ms.
[11:41:52 INFO]: [NoSpawnChunks] Freed 12 mb!
[11:56:56 INFO]: [NoSpawnChunks] Unloading chunks...
[11:56:56 INFO]: [NoSpawnChunks] Unloaded 0 chunks. Took 7 ms.
[11:56:56 INFO]: [NoSpawnChunks] Freed 13 mb!
[12:12:00 INFO]: [NoSpawnChunks] Unloading chunks...
[12:12:00 INFO]: [NoSpawnChunks] Unloaded 0 chunks. Took 6 ms.
[12:12:00 INFO]: [NoSpawnChunks] Freed 12 mb!
[12:27:03 INFO]: [NoSpawnChunks] Unloading chunks...
[12:27:03 INFO]: [NoSpawnChunks] Unloaded 0 chunks. Took 1 ms.
[12:27:03 INFO]: [NoSpawnChunks] Freed 13 mb!
[12:42:05 INFO]: [NoSpawnChunks] Unloading chunks...
[12:42:05 INFO]: [NoSpawnChunks] Unloaded 0 chunks. Took 2 ms.
[12:42:05 INFO]: [NoSpawnChunks] Freed 12 mb!
[12:57:08 INFO]: [NoSpawnChunks] Unloading chunks...
[12:57:08 INFO]: [NoSpawnChunks] Unloaded 0 chunks. Took 1 ms.
[12:57:08 INFO]: [NoSpawnChunks] Freed 13 mb!
[13:12:12 INFO]: [NoSpawnChunks] Unloading chunks...
[13:12:12 INFO]: [NoSpawnChunks] Unloaded 0 chunks. Took 1 ms.
[13:12:13 INFO]: [NoSpawnChunks] Freed 12 mb!
[13:27:15 INFO]: [NoSpawnChunks] Unloading chunks...
[13:27:15 INFO]: [NoSpawnChunks] Unloaded 0 chunks. Took 1 ms.
[13:27:15 INFO]: [NoSpawnChunks] Freed 13 mb!
[13:42:17 INFO]: [NoSpawnChunks] Unloading chunks...
[13:42:17 INFO]: [NoSpawnChunks] Unloaded 0 chunks. Took 1 ms.
[13:42:17 INFO]: [NoSpawnChunks] Freed 12 mb!
[13:57:21 INFO]: [NoSpawnChunks] Unloading chunks...
[13:57:21 INFO]: [NoSpawnChunks] Unloaded 0 chunks. Took 1 ms.
[13:57:21 INFO]: [NoSpawnChunks] Freed 13 mb!
[14:12:24 INFO]: [NoSpawnChunks] Unloading chunks...
[14:12:24 INFO]: [NoSpawnChunks] Unloaded 0 chunks. Took 1 ms.
[14:12:24 INFO]: [NoSpawnChunks] Freed 12 mb!
[14:27:31 INFO]: [NoSpawnChunks] Unloading chunks...
[14:27:31 INFO]: [NoSpawnChunks] Unloaded 0 chunks. Took 4 ms.
[14:27:31 INFO]: [NoSpawnChunks] Freed 13 mb!
[14:42:35 INFO]: [NoSpawnChunks] Unloading chunks...
[14:42:35 INFO]: [NoSpawnChunks] Unloaded 0 chunks. Took 0 ms.
[14:42:35 INFO]: [NoSpawnChunks] Freed 12 mb!
[14:57:38 INFO]: [NoSpawnChunks] Unloading chunks...
[14:57:38 INFO]: [NoSpawnChunks] Unloaded 0 chunks. Took 1 ms.
[14:57:38 INFO]: [NoSpawnChunks] Freed 12 mb!
